Building DAG of jobs...
Using shell: /usr/bin/bash
Provided cores: 12
Rules claiming more threads will be scaled down.
Job stats:
job                    count
-------------------  -------
summarize_dly_files        1
targets                    1
total                      2

Select jobs to execute...
Execute 1 jobs...

[Sat Aug  3 22:11:52 2024]
localrule summarize_dly_files:
    input: code/concatenate_dly.bash, code/read_split_dly_files.R, data/ghcnd_all.tar.gz
    output: data/ghcnd_tidy.tsv.gz
    jobid: 5
    reason: Missing output files: data/ghcnd_tidy.tsv.gz
    resources: tmpdir=/tmp

Waiting at most 6000000 seconds for missing files.
