Building DAG of jobs...
Using shell: /usr/bin/bash
Provided cores: 1 (use --cores to define parallelism)
Rules claiming more threads will be scaled down.
Job stats:
job                  count
-----------------  -------
get_all_archive          1
get_all_filenames        1
get_inventory            1
get_station_data         1
targets                  1
total                    5

Select jobs to execute...
Execute 1 jobs...

[Fri Aug  2 22:55:12 2024]
localrule get_all_archive:
    input: code/get_ghcnd_data.bash
    output: data/ghcnd_all.tar.gz
    jobid: 1
    reason: Updated input files: code/get_ghcnd_data.bash
    resources: tmpdir=/tmp

[Fri Aug  2 22:59:26 2024]
Finished job 1.
1 of 5 steps (20%) done
Select jobs to execute...
Execute 1 jobs...

[Fri Aug  2 22:59:26 2024]
localrule get_all_filenames:
    input: code/get_ghcnd_all_files.bash, data/ghcnd_all.tar.gz
    output: data/ghcnd_all_files.txt
    jobid: 2
    reason: Input files updated by another job: data/ghcnd_all.tar.gz
    resources: tmpdir=/tmp

[Fri Aug  2 23:01:45 2024]
Finished job 2.
2 of 5 steps (40%) done
Select jobs to execute...
Execute 1 jobs...

[Fri Aug  2 23:01:45 2024]
localrule get_station_data:
    input: code/get_ghcnd_data.bash
    output: data/ghcnd-stations.txt
    jobid: 4
    reason: Updated input files: code/get_ghcnd_data.bash
    resources: tmpdir=/tmp

[Fri Aug  2 23:01:47 2024]
Finished job 4.
3 of 5 steps (60%) done
Select jobs to execute...
Execute 1 jobs...

[Fri Aug  2 23:01:47 2024]
localrule get_inventory:
    input: code/get_ghcnd_data.bash
    output: data/ghcnd-inventory.txt
    jobid: 3
    reason: Missing output files: data/ghcnd-inventory.txt
    resources: tmpdir=/tmp

[Fri Aug  2 23:01:50 2024]
Finished job 3.
4 of 5 steps (80%) done
Select jobs to execute...
Execute 1 jobs...

[Fri Aug  2 23:01:50 2024]
localrule targets:
    input: data/ghcnd_all.tar.gz, data/ghcnd_all_files.txt, data/ghcnd-inventory.txt, data/ghcnd-stations.txt
    jobid: 0
    reason: Input files updated by another job: data/ghcnd-stations.txt, data/ghcnd_all_files.txt, data/ghcnd-inventory.txt, data/ghcnd_all.tar.gz
    resources: tmpdir=/tmp

[Fri Aug  2 23:01:50 2024]
Finished job 0.
5 of 5 steps (100%) done
Complete log: .snakemake/log/2024-08-02T225512.568556.snakemake.log
